<?xml version="1.0" encoding="UTF-8"?>
<!-- Generated by org.testng.reporters.JUnitReportReporter -->
<testsuite hostname="Shubham" failures="0" tests="3" name="TestCases.CartPageTest" time="0.864" errors="0" timestamp="2023-10-30T21:26:49 IST" skipped="0">
  <testcase classname="TestCases.CartPageTest" name="verifyCheckoutTest" time="0.072"/>
  <testcase classname="TestCases.CartPageTest" name="verifyCartCurrentUrlTest" time="0.740"/>
  <testcase classname="TestCases.CartPageTest" name="verifyCartLableTest" time="0.052"/>
</testsuite> <!-- TestCases.CartPageTest -->
