<?xml version="1.0" encoding="UTF-8"?>
<!-- Generated by org.testng.reporters.JUnitReportReporter -->
<testsuite hostname="Shubham" failures="0" tests="5" name="TestCases._1_LoginPageTest" time="59.963" errors="0" timestamp="2024-01-13T18:50:09 IST" skipped="0">
  <testcase classname="TestCases._1_LoginPageTest" name="verifyUrlTest" time="27.225"/>
  <testcase classname="TestCases._1_LoginPageTest" name="verifyUrlTest" time="6.999"/>
  <testcase classname="TestCases._1_LoginPageTest" name="verifyTitleTest" time="4.825"/>
  <testcase classname="TestCases._1_LoginPageTest" name="verifyApplicationLogoTest" time="11.237"/>
  <testcase classname="TestCases._1_LoginPageTest" name="VerifyLoginToApplicationTest" time="9.677"/>
</testsuite> <!-- TestCases._1_LoginPageTest -->
