<?xml version="1.0" encoding="UTF-8"?>
<!-- Generated by org.testng.reporters.JUnitReportReporter -->
<testsuite hostname="Shubham" failures="0" tests="4" name="TestCases.LoginPageTest" time="10.021" errors="0" timestamp="2023-10-29T23:57:03 IST" skipped="0">
  <testcase classname="TestCases.LoginPageTest" name="VerifyLoginToApplicationTest" time="2.625"/>
  <testcase classname="TestCases.LoginPageTest" name="verifyTitleTest" time="2.286"/>
  <testcase classname="TestCases.LoginPageTest" name="verifyApplicationLogoTest" time="2.658"/>
  <testcase classname="TestCases.LoginPageTest" name="verifyUrlTest" time="2.452"/>
</testsuite> <!-- TestCases.LoginPageTest -->
