<?xml version="1.0" encoding="UTF-8"?>
<!-- Generated by org.testng.reporters.JUnitReportReporter -->
<testsuite hostname="Shubham" failures="0" tests="5" name="TestCases.CheckoutCompletePageTest" time="0.188" errors="0" timestamp="2023-11-01T00:09:05 IST" skipped="2">
  <testcase classname="TestCases.CheckoutCompletePageTest" name="verifybackHomeBtnTest" time="0.103"/>
  <testcase classname="TestCases.CheckoutCompletePageTest" name="verifyorderDispatchLableTest" time="0.033"/>
  <testcase classname="TestCases.CheckoutCompletePageTest" name="verifycheckoutCompleteLableTest" time="0.052"/>
  <testcase classname="TestCases.CheckoutCompletePageTest" name="verifyorderCompleteImageTest">
    <skipped/>
  </testcase> <!-- verifyorderCompleteImageTest -->
  <testcase classname="TestCases.CheckoutCompletePageTest" name="verifyorderThankyouLableTest">
    <skipped/>
  </testcase> <!-- verifyorderThankyouLableTest -->
</testsuite> <!-- TestCases.CheckoutCompletePageTest -->
