<?xml version="1.0" encoding="UTF-8"?>
<!-- Generated by org.testng.reporters.JUnitReportReporter -->
<testsuite hostname="Shubham" failures="0" tests="5" name="TestCases.CheckoutOverviewPageTest" time="0.109" errors="0" timestamp="2023-10-31T22:02:15 IST" skipped="3">
  <testcase classname="TestCases.CheckoutOverviewPageTest" name="verifyoverviewLableTest" time="0.038"/>
  <testcase classname="TestCases.CheckoutOverviewPageTest" name="verifyfinishBtnTest" time="0.071"/>
  <testcase classname="TestCases.CheckoutOverviewPageTest" name="verifytotalAmmountInfoLabal">
    <skipped/>
  </testcase> <!-- verifytotalAmmountInfoLabal -->
  <testcase classname="TestCases.CheckoutOverviewPageTest" name="verifyshippingInfoLabalTest">
    <skipped/>
  </testcase> <!-- verifyshippingInfoLabalTest -->
  <testcase classname="TestCases.CheckoutOverviewPageTest" name="verifypaymentInfoLabalTest">
    <skipped/>
  </testcase> <!-- verifypaymentInfoLabalTest -->
</testsuite> <!-- TestCases.CheckoutOverviewPageTest -->
