<?xml version="1.0" encoding="UTF-8"?>
<!-- Generated by org.testng.reporters.JUnitReportReporter -->
<testsuite hostname="Shubham" failures="0" tests="7" name="TestCases.InventoryPageTest" time="1.294" errors="0" timestamp="2023-10-30T00:57:06 IST" skipped="0">
  <testcase classname="TestCases.InventoryPageTest" name="verifyFacebookLogoTest" time="0.026"/>
  <testcase classname="TestCases.InventoryPageTest" name="verifyremoveCartProductTest" time="0.173"/>
  <testcase classname="TestCases.InventoryPageTest" name="verifyCopyrightLineTest" time="0.033"/>
  <testcase classname="TestCases.InventoryPageTest" name="verifyProductLableTest" time="0.023"/>
  <testcase classname="TestCases.InventoryPageTest" name="verifyTweeterLogoTest" time="0.024"/>
  <testcase classname="TestCases.InventoryPageTest" name="addAllProductTest" time="0.993"/>
  <testcase classname="TestCases.InventoryPageTest" name="verifylinkindinLogoTest" time="0.022"/>
</testsuite> <!-- TestCases.InventoryPageTest -->
